<?xml version="1.0" encoding="UTF-8"?>
<!-- Generated by org.testng.reporters.JUnitReportReporter -->
<testsuite hostname="PGPL-14" failures="0" tests="1" name="com.klkl.Sandhya" time="11.172" errors="0" timestamp="2023-05-24T16:11:04 IST" skipped="0">
  <testcase classname="com.klkl.Sandhya" name="f" time="11.172"/>
  <system-out/>
</testsuite> <!-- com.klkl.Sandhya -->
